# JRE version: Java(TM) SE Runtime Environment (8.0_301-b09) (build 1.8.0_301-b09)
# Java VM: Java HotSpot(TM) 64-Bit Server VM (25.301-b09 mixed mode windows-amd64 compressed oops)
Heap:
 PSYoungGen      total 225280K, used 136526K [0x000000076ad80000, 0x000000077ba00000, 0x00000007c0000000)
  eden space 205312K, 62% used [0x000000076ad80000,0x0000000772a174d8,0x0000000777600000)
  from space 19968K, 44% used [0x0000000777600000,0x0000000777ebc5d8,0x0000000778980000)
  to   space 19456K, 0% used [0x000000077a700000,0x000000077a700000,0x000000077ba00000)
 ParOldGen       total 238080K, used 27693K [0x00000006c0800000, 0x00000006cf080000, 0x000000076ad80000)
  object space 238080K, 11% used [0x00000006c0800000,0x00000006c230b7c8,0x00000006cf080000)
 Metaspace       used 63319K, capacity 66260K, committed 66456K, reserved 1105920K
  class space    used 8543K, capacity 9070K, committed 9136K, reserved 1048576K
GC Heap History (10 events):
Event: 3.354 GC heap before
{Heap before GC invocations=8 (full 2):
 PSYoungGen      total 161792K, used 13800K [0x000000076ad80000, 0x0000000778500000, 0x00000007c0000000)
  eden space 147968K, 0% used [0x000000076ad80000,0x000000076ad80000,0x0000000773e00000)
  from space 13824K, 99% used [0x0000000774e00000,0x0000000775b7a068,0x0000000775b80000)
  to   space 16384K, 0% used [0x0000000773e00000,0x0000000773e00000,0x0000000774e00000)
 ParOldGen       total 101376K, used 7609K [0x00000006c0800000, 0x00000006c6b00000, 0x000000076ad80000)
  object space 101376K, 7% used [0x00000006c0800000,0x00000006c0f6e730,0x00000006c6b00000)
 Metaspace       used 33687K, capacity 35346K, committed 35496K, reserved 1079296K
  class space    used 4356K, capacity 4697K, committed 4784K, reserved 1048576K
Event: 3.410 GC heap after
Heap after GC invocations=8 (full 2):
 PSYoungGen      total 161792K, used 0K [0x000000076ad80000, 0x0000000778500000, 0x00000007c0000000)
  eden space 147968K, 0% used [0x000000076ad80000,0x000000076ad80000,0x0000000773e00000)
  from space 13824K, 0% used [0x0000000774e00000,0x0000000774e00000,0x0000000775b80000)
  to   space 16384K, 0% used [0x0000000773e00000,0x0000000773e00000,0x0000000774e00000)
 ParOldGen       total 165888K, used 18469K [0x00000006c0800000, 0x00000006caa00000, 0x000000076ad80000)
  object space 165888K, 11% used [0x00000006c0800000,0x00000006c1a096c0,0x00000006caa00000)
 Metaspace       used 33687K, capacity 35346K, committed 35496K, reserved 1079296K
  class space    used 4356K, capacity 4697K, committed 4784K, reserved 1048576K
}
Event: 5.114 GC heap before
{Heap before GC invocations=9 (full 2):
 PSYoungGen      total 161792K, used 147968K [0x000000076ad80000, 0x0000000778500000, 0x00000007c0000000)
  eden space 147968K, 100% used [0x000000076ad80000,0x0000000773e00000,0x0000000773e00000)
  from space 13824K, 0% used [0x0000000774e00000,0x0000000774e00000,0x0000000775b80000)
  to   space 16384K, 0% used [0x0000000773e00000,0x0000000773e00000,0x0000000774e00000)
 ParOldGen       total 165888K, used 18469K [0x00000006c0800000, 0x00000006caa00000, 0x000000076ad80000)
  object space 165888K, 11% used [0x00000006c0800000,0x00000006c1a096c0,0x00000006caa00000)
 Metaspace       used 50482K, capacity 52348K, committed 52776K, reserved 1095680K
  class space    used 6858K, capacity 7212K, committed 7216K, reserved 1048576K
Event: 5.127 GC heap after
Heap after GC invocations=9 (full 2):
 PSYoungGen      total 164352K, used 16381K [0x000000076ad80000, 0x000000077a100000, 0x00000007c0000000)
  eden space 147968K, 0% used [0x000000076ad80000,0x000000076ad80000,0x0000000773e00000)
  from space 16384K, 99% used [0x0000000773e00000,0x0000000774dff418,0x0000000774e00000)
  to   space 20480K, 0% used [0x0000000778d00000,0x0000000778d00000,0x000000077a100000)
 ParOldGen       total 165888K, used 20614K [0x00000006c0800000, 0x00000006caa00000, 0x000000076ad80000)
  object space 165888K, 12% used [0x00000006c0800000,0x00000006c1c219b0,0x00000006caa00000)
 Metaspace       used 50482K, capacity 52348K, committed 52776K, reserved 1095680K
  class space    used 6858K, capacity 7212K, committed 7216K, reserved 1048576K
}
Event: 5.901 GC heap before
{Heap before GC invocations=10 (full 2):
 PSYoungGen      total 164352K, used 92552K [0x000000076ad80000, 0x000000077a100000, 0x00000007c0000000)
  eden space 147968K, 51% used [0x000000076ad80000,0x000000076f7e2c78,0x0000000773e00000)
  from space 16384K, 99% used [0x0000000773e00000,0x0000000774dff418,0x0000000774e00000)
  to   space 20480K, 0% used [0x0000000778d00000,0x0000000778d00000,0x000000077a100000)
 ParOldGen       total 165888K, used 20614K [0x00000006c0800000, 0x00000006caa00000, 0x000000076ad80000)
  object space 165888K, 12% used [0x00000006c0800000,0x00000006c1c219b0,0x00000006caa00000)
 Metaspace       used 56545K, capacity 58982K, committed 59160K, reserved 1099776K
  class space    used 7680K, capacity 8123K, committed 8240K, reserved 1048576K
Event: 5.909 GC heap after
Heap after GC invocations=10 (full 2):
 PSYoungGen      total 221696K, used 12241K [0x000000076ad80000, 0x0000000779d00000, 0x00000007c0000000)
  eden space 205312K, 0% used [0x000000076ad80000,0x000000076ad80000,0x0000000777600000)
  from space 16384K, 74% used [0x0000000778d00000,0x00000007798f4420,0x0000000779d00000)
  to   space 19968K, 0% used [0x0000000777600000,0x0000000777600000,0x0000000778980000)
 ParOldGen       total 165888K, used 20622K [0x00000006c0800000, 0x00000006caa00000, 0x000000076ad80000)
  object space 165888K, 12% used [0x00000006c0800000,0x00000006c1c239b0,0x00000006caa00000)
 Metaspace       used 56545K, capacity 58982K, committed 59160K, reserved 1099776K
  class space    used 7680K, capacity 8123K, committed 8240K, reserved 1048576K
}
Event: 5.909 GC heap before
{Heap before GC invocations=11 (full 3):
 PSYoungGen      total 221696K, used 12241K [0x000000076ad80000, 0x0000000779d00000, 0x00000007c0000000)
  eden space 205312K, 0% used [0x000000076ad80000,0x000000076ad80000,0x0000000777600000)
  from space 16384K, 74% used [0x0000000778d00000,0x00000007798f4420,0x0000000779d00000)
  to   space 19968K, 0% used [0x0000000777600000,0x0000000777600000,0x0000000778980000)
 ParOldGen       total 165888K, used 20622K [0x00000006c0800000, 0x00000006caa00000, 0x000000076ad80000)
  object space 165888K, 12% used [0x00000006c0800000,0x00000006c1c239b0,0x00000006caa00000)
 Metaspace       used 56545K, capacity 58982K, committed 59160K, reserved 1099776K
  class space    used 7680K, capacity 8123K, committed 8240K, reserved 1048576K
Event: 6.041 GC heap after
Heap after GC invocations=11 (full 3):
 PSYoungGen      total 221696K, used 0K [0x000000076ad80000, 0x0000000779d00000, 0x00000007c0000000)
  eden space 205312K, 0% used [0x000000076ad80000,0x000000076ad80000,0x0000000777600000)
  from space 16384K, 0% used [0x0000000778d00000,0x0000000778d00000,0x0000000779d00000)
  to   space 19968K, 0% used [0x0000000777600000,0x0000000777600000,0x0000000778980000)
 ParOldGen       total 238080K, used 27685K [0x00000006c0800000, 0x00000006cf080000, 0x000000076ad80000)
  object space 238080K, 11% used [0x00000006c0800000,0x00000006c23097c8,0x00000006cf080000)
 Metaspace       used 56530K, capacity 58958K, committed 59160K, reserved 1099776K
  class space    used 7678K, capacity 8119K, committed 8240K, reserved 1048576K
}
Event: 919.277 GC heap before
{Heap before GC invocations=12 (full 3):
 PSYoungGen      total 221696K, used 205312K [0x000000076ad80000, 0x0000000779d00000, 0x00000007c0000000)
  eden space 205312K, 100% used [0x000000076ad80000,0x0000000777600000,0x0000000777600000)
  from space 16384K, 0% used [0x0000000778d00000,0x0000000778d00000,0x0000000779d00000)
  to   space 19968K, 0% used [0x0000000777600000,0x0000000777600000,0x0000000778980000)
 ParOldGen       total 238080K, used 27685K [0x00000006c0800000, 0x00000006cf080000, 0x000000076ad80000)
  object space 238080K, 11% used [0x00000006c0800000,0x00000006c23097c8,0x00000006cf080000)
 Metaspace       used 63311K, capacity 66254K, committed 66456K, reserved 1105920K
  class space    used 8542K, capacity 9069K, committed 9136K, reserved 1048576K
Event: 919.284 GC heap after
Heap after GC invocations=12 (full 3):
 PSYoungGen      total 225280K, used 8945K [0x000000076ad80000, 0x000000077ba00000, 0x00000007c0000000)
  eden space 205312K, 0% used [0x000000076ad80000,0x000000076ad80000,0x0000000777600000)
  from space 19968K, 44% used [0x0000000777600000,0x0000000777ebc5d8,0x0000000778980000)
  to   space 19456K, 0% used [0x000000077a700000,0x000000077a700000,0x000000077ba00000)
 ParOldGen       total 238080K, used 27693K [0x00000006c0800000, 0x00000006cf080000, 0x000000076ad80000)
  object space 238080K, 11% used [0x00000006c0800000,0x00000006c230b7c8,0x00000006cf080000)
 Metaspace       used 63311K, capacity 66254K, committed 66456K, reserved 1105920K
  class space    used 8542K, capacity 9069K, committed 9136K, reserved 1048576K
}

